<?xml version="1.0" encoding="UTF-8"?>
<!-- Generated by org.testng.reporters.JUnitXMLReporter -->
<testsuite hostname="Kunals-MacBook-Air.local" ignored="0" name="Test" tests="3" failures="0" timestamp="17 May 2020 20:03:53 GMT" time="7.523" errors="0">
  <testcase name="screenshotCompletePage" time="0.633" classname="AllureReports.sampleTest"/>
  <testcase name="screenshotOfElement" time="0.326" classname="AllureReports.sampleTest"/>
  <testcase name="screenshotOfSection" time="0.526" classname="AllureReports.sampleTest"/>
</testsuite> <!-- Test -->
